[dinosaur.compilertools.net/flex/index.html]
[backblue.gif]
[fade.gif]
[index.html]
[dinosaur.compilertools.net/flex/flex_1.html]
[dinosaur.compilertools.net/flex/flex_2.html]
[dinosaur.compilertools.net/flex/flex_3.html]
[dinosaur.compilertools.net/flex/flex_4.html]
[dinosaur.compilertools.net/flex/flex_5.html]
[dinosaur.compilertools.net/flex/flex_6.html]
[dinosaur.compilertools.net/flex/flex_7.html]
[dinosaur.compilertools.net/flex/flex_8.html]
[dinosaur.compilertools.net/flex/flex_9.html]
[dinosaur.compilertools.net/flex/flex_10.html]
[dinosaur.compilertools.net/flex/flex_11.html]
[dinosaur.compilertools.net/flex/flex_12.html]
[dinosaur.compilertools.net/flex/flex_13.html]
[dinosaur.compilertools.net/flex/flex_14.html]
[dinosaur.compilertools.net/flex/flex_15.html]
[dinosaur.compilertools.net/flex/flex_16.html]
[dinosaur.compilertools.net/flex/flex_17.html]
[dinosaur.compilertools.net/flex/flex_18.html]
[dinosaur.compilertools.net/flex/flex_19.html]
[dinosaur.compilertools.net/flex/flex_20.html]
[dinosaur.compilertools.net/flex/flex_21.html]
[dinosaur.compilertools.net/flex/flex_22.html]
[dinosaur.compilertools.net/flex/flex_23.html]
[dinosaur.compilertools.net/flex/flex_24.html]
[dinosaur.compilertools.net/flex/index.html]
[dinosaur.compilertools.net/flex/flex_25.html]
[dinosaur.compilertools.net/flex/flex_1.html]
[dinosaur.compilertools.net/flex/flex_2.html]
[dinosaur.compilertools.net/flex/flex_3.html]
[dinosaur.compilertools.net/flex/flex_4.html]
[dinosaur.compilertools.net/flex/flex_5.html]
[dinosaur.compilertools.net/flex/flex_6.html]
[dinosaur.compilertools.net/flex/flex_7.html]
[dinosaur.compilertools.net/flex/flex_8.html]
[dinosaur.compilertools.net/flex/flex_9.html]
[dinosaur.compilertools.net/flex/flex_10.html]
[dinosaur.compilertools.net/flex/flex_11.html]
[dinosaur.compilertools.net/flex/flex_12.html]
[dinosaur.compilertools.net/flex/flex_13.html]
[dinosaur.compilertools.net/flex/flex_14.html]
[dinosaur.compilertools.net/flex/flex_15.html]
[dinosaur.compilertools.net/flex/flex_16.html]
[dinosaur.compilertools.net/flex/flex_17.html]
[dinosaur.compilertools.net/flex/flex_18.html]
[dinosaur.compilertools.net/flex/flex_19.html]
[dinosaur.compilertools.net/flex/flex_20.html]
[dinosaur.compilertools.net/flex/flex_21.html]
[dinosaur.compilertools.net/flex/flex_22.html]
[dinosaur.compilertools.net/flex/flex_23.html]
[dinosaur.compilertools.net/flex/flex_24.html]
[dinosaur.compilertools.net/flex/flex_25.html]
[dinosaur.compilertools.net/flex/index-2.html]
[dinosaur.compilertools.net/flex/index-2.html]
